Running: C:\Xilinx\14.7\ISE_DS\ISE\bin\nt64\unwrapped\fuse.exe -intstyle ise -incremental -lib secureip -o C:/Users/Diego/Documents/GitHub/Proj1AC/TesteALU_isim_beh.exe -prj C:/Users/Diego/Documents/GitHub/Proj1AC/TesteALU_beh.prj work.TesteALU 
ISim P.20131013 (signature 0x7708f090)
Number of CPUs detected in this system: 8
Turning on mult-threading, number of parallel sub-compilation jobs: 16 
Determining compilation order of HDL files
Parsing VHDL file "C:/Users/Diego/Documents/GitHub/Proj1AC/ALU.vhd" into library work
Parsing VHDL file "C:/Users/Diego/Documents/GitHub/Proj1AC/TesteALU.vhd" into library work
Starting static elaboration
Completed static elaboration
Compiling package standard
Compiling package std_logic_1164
Compiling package std_logic_arith
Compiling package std_logic_signed
Compiling architecture behavioral of entity ALU [alu_default]
Compiling architecture behavior of entity testealu
Time Resolution for simulation is 1ps.
Waiting for 1 sub-compilation(s) to finish...
Compiled 7 VHDL Units
Built simulation executable C:/Users/Diego/Documents/GitHub/Proj1AC/TesteALU_isim_beh.exe
Fuse Memory Usage: 34188 KB
Fuse CPU Usage: 312 ms
