ISim log file
Running: C:\Users\35196\Desktop\Proj1AC\Test_Proc_isim_beh.exe -intstyle ise -gui -tclbatch isim.cmd -wdb C:/Users/35196/Desktop/Proj1AC/Test_Proc_isim_beh.wdb 
ISim P.20131013 (signature 0x7708f090)
WARNING: A WEBPACK license was found.
WARNING: Please use Xilinx License Configuration Manager to check out a full ISim license.
WARNING: ISim will run in Lite mode. Please refer to the ISim documentation for more information on the differences between the Lite and the Full version.
This is a Lite version of ISim.
Time resolution is 1 ps
# onerror resume
# wave add /
# run 1000 ns
Simulator is doing circuit initialization process.
at 0 ps, Instance /test_proc/uut/Mem_Dados/ : Warning: NUMERIC_STD.TO_INTEGER: metavalue detected, returning 0
Finished circuit initialization process.
at 0 ps, Instance /test_proc/uut/Mem_Dados/ : Warning: NUMERIC_STD.TO_INTEGER: metavalue detected, returning 0
at 45 ns(4), Instance /test_proc/uut/Mem_Dados/ : Warning: NUMERIC_STD.TO_INTEGER: metavalue detected, returning 0
at 75 ns(4), Instance /test_proc/uut/Mem_Dados/ : Warning: NUMERIC_STD.TO_INTEGER: metavalue detected, returning 0
at 135 ns(4), Instance /test_proc/uut/Mem_Dados/ : Warning: NUMERIC_STD.TO_INTEGER: metavalue detected, returning 0
at 185 ns(4), Instance /test_proc/uut/Mem_Dados/ : Warning: NUMERIC_STD.TO_INTEGER: metavalue detected, returning 0
at 235 ns(4), Instance /test_proc/uut/Mem_Dados/ : Warning: NUMERIC_STD.TO_INTEGER: metavalue detected, returning 0
at 285 ns(4), Instance /test_proc/uut/Mem_Dados/ : Warning: NUMERIC_STD.TO_INTEGER: metavalue detected, returning 0
at 335 ns(4), Instance /test_proc/uut/Mem_Dados/ : Warning: NUMERIC_STD.TO_INTEGER: metavalue detected, returning 0
at 385 ns(4), Instance /test_proc/uut/Mem_Dados/ : Warning: NUMERIC_STD.TO_INTEGER: metavalue detected, returning 0
at 435 ns(4), Instance /test_proc/uut/Mem_Dados/ : Warning: NUMERIC_STD.TO_INTEGER: metavalue detected, returning 0
at 485 ns(4), Instance /test_proc/uut/Mem_Dados/ : Warning: NUMERIC_STD.TO_INTEGER: metavalue detected, returning 0
at 535 ns(4), Instance /test_proc/uut/Mem_Dados/ : Warning: NUMERIC_STD.TO_INTEGER: metavalue detected, returning 0
at 585 ns(4), Instance /test_proc/uut/Mem_Dados/ : Warning: NUMERIC_STD.TO_INTEGER: metavalue detected, returning 0
at 635 ns(4), Instance /test_proc/uut/Mem_Dados/ : Warning: NUMERIC_STD.TO_INTEGER: metavalue detected, returning 0
at 685 ns(4), Instance /test_proc/uut/Mem_Dados/ : Warning: NUMERIC_STD.TO_INTEGER: metavalue detected, returning 0
at 735 ns(4), Instance /test_proc/uut/Mem_Dados/ : Warning: NUMERIC_STD.TO_INTEGER: metavalue detected, returning 0
at 785 ns(4), Instance /test_proc/uut/Mem_Dados/ : Warning: NUMERIC_STD.TO_INTEGER: metavalue detected, returning 0
at 835 ns(4), Instance /test_proc/uut/Mem_Dados/ : Warning: NUMERIC_STD.TO_INTEGER: metavalue detected, returning 0
at 885 ns(4), Instance /test_proc/uut/Mem_Dados/ : Warning: NUMERIC_STD.TO_INTEGER: metavalue detected, returning 0
at 935 ns(4), Instance /test_proc/uut/Mem_Dados/ : Warning: NUMERIC_STD.TO_INTEGER: metavalue detected, returning 0
at 985 ns(4), Instance /test_proc/uut/Mem_Dados/ : Warning: NUMERIC_STD.TO_INTEGER: metavalue detected, returning 0
