Release 14.7 - xst P.20131013 (nt64)
Copyright (c) 1995-2013 Xilinx, Inc.  All rights reserved.
--> Parameter TMPDIR set to xst/projnav.tmp


Total REAL time to Xst completion: 0.00 secs
Total CPU time to Xst completion: 0.09 secs
 
--> Parameter xsthdpdir set to xst


Total REAL time to Xst completion: 0.00 secs
Total CPU time to Xst completion: 0.09 secs
 
--> Reading design: PlacaMae.prj

TABLE OF CONTENTS
  1) Synthesis Options Summary
  2) HDL Parsing
  3) HDL Elaboration
  4) HDL Synthesis
       4.1) HDL Synthesis Report
  5) Advanced HDL Synthesis
       5.1) Advanced HDL Synthesis Report
  6) Low Level Synthesis
  7) Partition Report
  8) Design Summary
       8.1) Primitive and Black Box Usage
       8.2) Device utilization summary
       8.3) Partition Resource Summary
       8.4) Timing Report
            8.4.1) Clock Information
            8.4.2) Asynchronous Control Signals Information
            8.4.3) Timing Summary
            8.4.4) Timing Details
            8.4.5) Cross Clock Domains Report


=========================================================================
*                      Synthesis Options Summary                        *
=========================================================================
---- Source Parameters
Input File Name                    : "PlacaMae.prj"
Ignore Synthesis Constraint File   : NO

---- Target Parameters
Output File Name                   : "PlacaMae"
Output Format                      : NGC
Target Device                      : xc7a100t-3-csg324

---- Source Options
Top Module Name                    : PlacaMae
Automatic FSM Extraction           : YES
FSM Encoding Algorithm             : Auto
Safe Implementation                : No
FSM Style                          : LUT
RAM Extraction                     : Yes
RAM Style                          : Auto
ROM Extraction                     : Yes
Shift Register Extraction          : YES
ROM Style                          : Auto
Resource Sharing                   : YES
Asynchronous To Synchronous        : NO
Shift Register Minimum Size        : 2
Use DSP Block                      : Auto
Automatic Register Balancing       : No

---- Target Options
LUT Combining                      : Auto
Reduce Control Sets                : Auto
Add IO Buffers                     : YES
Global Maximum Fanout              : 100000
Add Generic Clock Buffer(BUFG)     : 32
Register Duplication               : YES
Optimize Instantiated Primitives   : NO
Use Clock Enable                   : Auto
Use Synchronous Set                : Auto
Use Synchronous Reset              : Auto
Pack IO Registers into IOBs        : Auto
Equivalent register Removal        : YES

---- General Options
Optimization Goal                  : Speed
Optimization Effort                : 1
Power Reduction                    : NO
Keep Hierarchy                     : No
Netlist Hierarchy                  : As_Optimized
RTL Output                         : Yes
Global Optimization                : AllClockNets
Read Cores                         : YES
Write Timing Constraints           : NO
Cross Clock Analysis               : NO
Hierarchy Separator                : /
Bus Delimiter                      : <>
Case Specifier                     : Maintain
Slice Utilization Ratio            : 100
BRAM Utilization Ratio             : 100
DSP48 Utilization Ratio            : 100
Auto BRAM Packing                  : NO
Slice Utilization Ratio Delta      : 5

=========================================================================


=========================================================================
*                          HDL Parsing                                  *
=========================================================================
Parsing VHDL file "C:\Users\35196\Desktop\Proj1AC\ROM_Descodificacao.vhd" into library work
Parsing entity <ROM_Descodificacao>.
Parsing architecture <Behavioral> of entity <rom_descodificacao>.
Parsing VHDL file "C:\Users\35196\Desktop\Proj1AC\RegistosA_B.vhd" into library work
Parsing entity <RegistosAeB>.
Parsing architecture <Behavioral> of entity <registosaeb>.
Parsing VHDL file "C:\Users\35196\Desktop\Proj1AC\ProgramCounter.vhd" into library work
Parsing entity <ProgramCounter>.
Parsing architecture <Behavioral> of entity <programcounter>.
Parsing VHDL file "C:\Users\35196\Desktop\Proj1AC\Periferico_Saida.vhd" into library work
Parsing entity <Periferico_Saida>.
Parsing architecture <Behavioral> of entity <periferico_saida>.
Parsing VHDL file "C:\Users\35196\Desktop\Proj1AC\Periferico_Entrada.vhd" into library work
Parsing entity <Periferico_Entrada>.
Parsing architecture <Behavioral> of entity <periferico_entrada>.
Parsing VHDL file "C:\Users\35196\Desktop\Proj1AC\Mux_Registos.vhd" into library work
Parsing entity <Mux_Registos>.
Parsing architecture <Behavioral> of entity <mux_registos>.
Parsing VHDL file "C:\Users\35196\Desktop\Proj1AC\Mux_PC.vhd" into library work
Parsing entity <Mux_PC>.
Parsing architecture <Behavioral> of entity <mux_pc>.
Parsing VHDL file "C:\Users\35196\Desktop\Proj1AC\Comparacao.vhd" into library work
Parsing entity <Comparacao>.
Parsing architecture <Behavioral> of entity <comparacao>.
Parsing VHDL file "C:\Users\35196\Desktop\Proj1AC\ALU.vhd" into library work
Parsing entity <ALU>.
Parsing architecture <Behavioral> of entity <alu>.
Parsing VHDL file "C:\Users\35196\Desktop\Proj1AC\RAM.vhd" into library work
Parsing entity <RAM>.
Parsing architecture <Behavioral> of entity <ram>.
Parsing VHDL file "C:\Users\35196\Desktop\Proj1AC\Processador.vhd" into library work
Parsing entity <Processador>.
Parsing architecture <Struct> of entity <processador>.
Parsing VHDL file "C:\Users\35196\Desktop\Proj1AC\Memoria_Instrucoes.vhd" into library work
Parsing entity <Memoria_Instrucoes>.
Parsing architecture <Behavioral> of entity <memoria_instrucoes>.
Parsing VHDL file "C:\Users\35196\Desktop\Proj1AC\PlacaMae.vhd" into library work
Parsing entity <PlacaMae>.
Parsing architecture <Struct> of entity <placamae>.

=========================================================================
*                            HDL Elaboration                            *
=========================================================================

Elaborating entity <PlacaMae> (architecture <Struct>) from library <work>.

Elaborating entity <Processador> (architecture <Struct>) from library <work>.

Elaborating entity <Periferico_Entrada> (architecture <Behavioral>) from library <work>.

Elaborating entity <Periferico_Saida> (architecture <Behavioral>) from library <work>.

Elaborating entity <Mux_PC> (architecture <Behavioral>) from library <work>.

Elaborating entity <ProgramCounter> (architecture <Behavioral>) from library <work>.

Elaborating entity <Comparacao> (architecture <Behavioral>) from library <work>.

Elaborating entity <Mux_Registos> (architecture <Behavioral>) from library <work>.
INFO:HDLCompiler:679 - "C:\Users\35196\Desktop\Proj1AC\Mux_Registos.vhd" Line 33. Case statement is complete. others clause is never selected

Elaborating entity <ALU> (architecture <Behavioral>) from library <work>.

Elaborating entity <RegistosAeB> (architecture <Behavioral>) from library <work>.

Elaborating entity <ROM_Descodificacao> (architecture <Behavioral>) from library <work>.

Elaborating entity <Memoria_Instrucoes> (architecture <Behavioral>) from library <work>.

Elaborating entity <RAM> (architecture <Behavioral>) from library <work>.

=========================================================================
*                           HDL Synthesis                               *
=========================================================================

Synthesizing Unit <PlacaMae>.
    Related source file is "C:\Users\35196\Desktop\Proj1AC\PlacaMae.vhd".
INFO:Xst:3210 - "C:\Users\35196\Desktop\Proj1AC\PlacaMae.vhd" line 50: Output port <Const_Out> of the instance <Proc> is unconnected or connected to loadless signal.
INFO:Xst:3210 - "C:\Users\35196\Desktop\Proj1AC\PlacaMae.vhd" line 50: Output port <ResulALU> of the instance <Proc> is unconnected or connected to loadless signal.
INFO:Xst:3210 - "C:\Users\35196\Desktop\Proj1AC\PlacaMae.vhd" line 50: Output port <Op2> of the instance <Proc> is unconnected or connected to loadless signal.
INFO:Xst:3210 - "C:\Users\35196\Desktop\Proj1AC\PlacaMae.vhd" line 50: Output port <ResComp> of the instance <Proc> is unconnected or connected to loadless signal.
    Summary:
	no macro.
Unit <PlacaMae> synthesized.

Synthesizing Unit <Processador>.
    Related source file is "C:\Users\35196\Desktop\Proj1AC\Processador.vhd".
    Summary:
	no macro.
Unit <Processador> synthesized.

Synthesizing Unit <Periferico_Entrada>.
    Related source file is "C:\Users\35196\Desktop\Proj1AC\Periferico_Entrada.vhd".
WARNING:Xst:737 - Found 1-bit latch for signal <Dados_In<6>>. Latches may be generated from incomplete case or if statements. We do not recommend the use of latches in FPGA/CPLD designs, as they may lead to timing problems.
WARNING:Xst:737 - Found 1-bit latch for signal <Dados_In<5>>. Latches may be generated from incomplete case or if statements. We do not recommend the use of latches in FPGA/CPLD designs, as they may lead to timing problems.
WARNING:Xst:737 - Found 1-bit latch for signal <Dados_In<4>>. Latches may be generated from incomplete case or if statements. We do not recommend the use of latches in FPGA/CPLD designs, as they may lead to timing problems.
WARNING:Xst:737 - Found 1-bit latch for signal <Dados_In<3>>. Latches may be generated from incomplete case or if statements. We do not recommend the use of latches in FPGA/CPLD designs, as they may lead to timing problems.
WARNING:Xst:737 - Found 1-bit latch for signal <Dados_In<2>>. Latches may be generated from incomplete case or if statements. We do not recommend the use of latches in FPGA/CPLD designs, as they may lead to timing problems.
WARNING:Xst:737 - Found 1-bit latch for signal <Dados_In<1>>. Latches may be generated from incomplete case or if statements. We do not recommend the use of latches in FPGA/CPLD designs, as they may lead to timing problems.
WARNING:Xst:737 - Found 1-bit latch for signal <Dados_In<0>>. Latches may be generated from incomplete case or if statements. We do not recommend the use of latches in FPGA/CPLD designs, as they may lead to timing problems.
WARNING:Xst:737 - Found 1-bit latch for signal <Dados_In<7>>. Latches may be generated from incomplete case or if statements. We do not recommend the use of latches in FPGA/CPLD designs, as they may lead to timing problems.
    Summary:
	inferred   8 Latch(s).
Unit <Periferico_Entrada> synthesized.

Synthesizing Unit <Periferico_Saida>.
    Related source file is "C:\Users\35196\Desktop\Proj1AC\Periferico_Saida.vhd".
    Found 8-bit register for signal <temp>.
    Summary:
	inferred   8 D-type flip-flop(s).
Unit <Periferico_Saida> synthesized.

Synthesizing Unit <Mux_PC>.
    Related source file is "C:\Users\35196\Desktop\Proj1AC\Mux_PC.vhd".
    Summary:
	no macro.
Unit <Mux_PC> synthesized.

Synthesizing Unit <ProgramCounter>.
    Related source file is "C:\Users\35196\Desktop\Proj1AC\ProgramCounter.vhd".
    Found 8-bit register for signal <contagem>.
    Found 8-bit adder for signal <contagem[7]_GND_18_o_add_0_OUT> created at line 28.
    Summary:
	inferred   1 Adder/Subtractor(s).
	inferred   8 D-type flip-flop(s).
	inferred   1 Multiplexer(s).
Unit <ProgramCounter> synthesized.

Synthesizing Unit <Comparacao>.
    Related source file is "C:\Users\35196\Desktop\Proj1AC\Comparacao.vhd".
    Found 5-bit register for signal <mem>.
    Found 1-bit 5-to-1 multiplexer for signal <S_Flag> created at line 26.
    Summary:
	inferred   5 D-type flip-flop(s).
	inferred   1 Multiplexer(s).
Unit <Comparacao> synthesized.

Synthesizing Unit <Mux_Registos>.
    Related source file is "C:\Users\35196\Desktop\Proj1AC\Mux_Registos.vhd".
    Found 8-bit 4-to-1 multiplexer for signal <temp> created at line 28.
    Summary:
	inferred   1 Multiplexer(s).
Unit <Mux_Registos> synthesized.

Synthesizing Unit <ALU>.
    Related source file is "C:\Users\35196\Desktop\Proj1AC\ALU.vhd".
    Found 8-bit adder for signal <Operando1[7]_Operando2[7]_add_0_OUT> created at line 20.
    Found 8-bit subtractor for signal <Operando1[7]_Operando2[7]_sub_2_OUT<7:0>> created at line 21.
    Found 1-bit 5-to-1 multiplexer for signal <Sel_ALU[2]_X_22_o_Mux_13_o> created at line 19.
    Found 1-bit 5-to-1 multiplexer for signal <Sel_ALU[2]_X_22_o_Mux_15_o> created at line 19.
    Found 1-bit 5-to-1 multiplexer for signal <Sel_ALU[2]_X_22_o_Mux_17_o> created at line 19.
    Found 1-bit 5-to-1 multiplexer for signal <Sel_ALU[2]_X_22_o_Mux_19_o> created at line 19.
    Found 1-bit 5-to-1 multiplexer for signal <Sel_ALU[2]_X_22_o_Mux_21_o> created at line 19.
    Found 1-bit 5-to-1 multiplexer for signal <Sel_ALU[2]_X_22_o_Mux_23_o> created at line 19.
    Found 1-bit 5-to-1 multiplexer for signal <Sel_ALU[2]_X_22_o_Mux_25_o> created at line 19.
    Found 1-bit 5-to-1 multiplexer for signal <Sel_ALU[2]_X_22_o_Mux_27_o> created at line 19.
WARNING:Xst:737 - Found 1-bit latch for signal <Resultado<6>>. Latches may be generated from incomplete case or if statements. We do not recommend the use of latches in FPGA/CPLD designs, as they may lead to timing problems.
WARNING:Xst:737 - Found 1-bit latch for signal <Resultado<5>>. Latches may be generated from incomplete case or if statements. We do not recommend the use of latches in FPGA/CPLD designs, as they may lead to timing problems.
WARNING:Xst:737 - Found 1-bit latch for signal <Resultado<4>>. Latches may be generated from incomplete case or if statements. We do not recommend the use of latches in FPGA/CPLD designs, as they may lead to timing problems.
WARNING:Xst:737 - Found 1-bit latch for signal <Resultado<3>>. Latches may be generated from incomplete case or if statements. We do not recommend the use of latches in FPGA/CPLD designs, as they may lead to timing problems.
WARNING:Xst:737 - Found 1-bit latch for signal <Resultado<2>>. Latches may be generated from incomplete case or if statements. We do not recommend the use of latches in FPGA/CPLD designs, as they may lead to timing problems.
WARNING:Xst:737 - Found 1-bit latch for signal <Resultado<1>>. Latches may be generated from incomplete case or if statements. We do not recommend the use of latches in FPGA/CPLD designs, as they may lead to timing problems.
WARNING:Xst:737 - Found 1-bit latch for signal <Resultado<0>>. Latches may be generated from incomplete case or if statements. We do not recommend the use of latches in FPGA/CPLD designs, as they may lead to timing problems.
WARNING:Xst:737 - Found 1-bit latch for signal <Comp_Res<4>>. Latches may be generated from incomplete case or if statements. We do not recommend the use of latches in FPGA/CPLD designs, as they may lead to timing problems.
WARNING:Xst:737 - Found 1-bit latch for signal <Comp_Res<3>>. Latches may be generated from incomplete case or if statements. We do not recommend the use of latches in FPGA/CPLD designs, as they may lead to timing problems.
WARNING:Xst:737 - Found 1-bit latch for signal <Comp_Res<2>>. Latches may be generated from incomplete case or if statements. We do not recommend the use of latches in FPGA/CPLD designs, as they may lead to timing problems.
WARNING:Xst:737 - Found 1-bit latch for signal <Comp_Res<1>>. Latches may be generated from incomplete case or if statements. We do not recommend the use of latches in FPGA/CPLD designs, as they may lead to timing problems.
WARNING:Xst:737 - Found 1-bit latch for signal <Comp_Res<0>>. Latches may be generated from incomplete case or if statements. We do not recommend the use of latches in FPGA/CPLD designs, as they may lead to timing problems.
WARNING:Xst:737 - Found 1-bit latch for signal <Resultado<7>>. Latches may be generated from incomplete case or if statements. We do not recommend the use of latches in FPGA/CPLD designs, as they may lead to timing problems.
    Found 8-bit comparator greater for signal <Operando1[7]_Operando2[7]_LessThan_6_o> created at line 26
    Found 8-bit comparator equal for signal <Operando1[7]_Operando2[7]_equal_8_o> created at line 31
    Found 8-bit comparator greater for signal <Operando2[7]_Operando1[7]_LessThan_10_o> created at line 36
    Summary:
	inferred   2 Adder/Subtractor(s).
	inferred  13 Latch(s).
	inferred   3 Comparator(s).
	inferred  14 Multiplexer(s).
Unit <ALU> synthesized.

Synthesizing Unit <RegistosAeB>.
    Related source file is "C:\Users\35196\Desktop\Proj1AC\RegistosA_B.vhd".
    Found 8-bit register for signal <Operando2>.
    Found 8-bit register for signal <Operando1>.
    Summary:
	inferred  16 D-type flip-flop(s).
Unit <RegistosAeB> synthesized.

Synthesizing Unit <ROM_Descodificacao>.
    Related source file is "C:\Users\35196\Desktop\Proj1AC\ROM_Descodificacao.vhd".
    Found 32x15-bit Read Only RAM for signal <_n0045>
    Summary:
	inferred   1 RAM(s).
Unit <ROM_Descodificacao> synthesized.

Synthesizing Unit <Memoria_Instrucoes>.
    Related source file is "C:\Users\35196\Desktop\Proj1AC\Memoria_Instrucoes.vhd".
    Found 32x13-bit Read Only RAM for signal <_n0203>
    Summary:
	inferred   1 RAM(s).
Unit <Memoria_Instrucoes> synthesized.

Synthesizing Unit <RAM>.
    Related source file is "C:\Users\35196\Desktop\Proj1AC\RAM.vhd".
WARNING:Xst:3015 - Contents of array <Memoria> may be accessed with an index that does not cover the full array size or with a negative index. The RAM size is reduced to the index upper access or for only positive index values.
    Found 256x8-bit single-port RAM <Mram_Memoria> for signal <Memoria>.
    Summary:
	inferred   1 RAM(s).
Unit <RAM> synthesized.

=========================================================================
HDL Synthesis Report

Macro Statistics
# RAMs                                                 : 3
 256x8-bit single-port RAM                             : 1
 32x13-bit single-port Read Only RAM                   : 1
 32x15-bit single-port Read Only RAM                   : 1
# Adders/Subtractors                                   : 3
 8-bit adder                                           : 2
 8-bit subtractor                                      : 1
# Registers                                            : 5
 5-bit register                                        : 1
 8-bit register                                        : 4
# Latches                                              : 21
 1-bit latch                                           : 21
# Comparators                                          : 3
 8-bit comparator equal                                : 1
 8-bit comparator greater                              : 2
# Multiplexers                                         : 17
 1-bit 2-to-1 multiplexer                              : 6
 1-bit 5-to-1 multiplexer                              : 9
 8-bit 2-to-1 multiplexer                              : 1
 8-bit 4-to-1 multiplexer                              : 1
# Xors                                                 : 1
 8-bit xor2                                            : 1

=========================================================================

=========================================================================
*                       Advanced HDL Synthesis                          *
=========================================================================


Synthesizing (advanced) Unit <Memoria_Instrucoes>.
INFO:Xst:3218 - HDL ADVISOR - The RAM <Mram__n0203> will be implemented on LUTs either because you have described an asynchronous read or because of currently unsupported block RAM features. If you have described an asynchronous read, making it synchronous would allow you to take advantage of available block RAM resources, for optimized device usage and improved timings. Please refer to your documentation for coding guidelines.
    -----------------------------------------------------------------------
    | ram_type           | Distributed                         |          |
    -----------------------------------------------------------------------
    | Port A                                                              |
    |     aspect ratio   | 32-word x 13-bit                    |          |
    |     weA            | connected to signal <GND>           | high     |
    |     addrA          | connected to signal <Endereco<4:0>> |          |
    |     diA            | connected to signal <GND>           |          |
    |     doA            | connected to internal node          |          |
    -----------------------------------------------------------------------
Unit <Memoria_Instrucoes> synthesized (advanced).

Synthesizing (advanced) Unit <ProgramCounter>.
The following registers are absorbed into counter <contagem>: 1 register on signal <contagem>.
Unit <ProgramCounter> synthesized (advanced).

Synthesizing (advanced) Unit <RAM>.
INFO:Xst:3218 - HDL ADVISOR - The RAM <Mram_Memoria> will be implemented on LUTs either because you have described an asynchronous read or because of currently unsupported block RAM features. If you have described an asynchronous read, making it synchronous would allow you to take advantage of available block RAM resources, for optimized device usage and improved timings. Please refer to your documentation for coding guidelines.
    -----------------------------------------------------------------------
    | ram_type           | Distributed                         |          |
    -----------------------------------------------------------------------
    | Port A                                                              |
    |     aspect ratio   | 256-word x 8-bit                    |          |
    |     clkA           | connected to signal <Clock>         | rise     |
    |     weA            | connected to signal <WR>            | high     |
    |     addrA          | connected to signal <Address>       |          |
    |     diA            | connected to signal <Operando1>     |          |
    |     doA            | connected to internal node          |          |
    -----------------------------------------------------------------------
Unit <RAM> synthesized (advanced).

Synthesizing (advanced) Unit <ROM_Descodificacao>.
INFO:Xst:3218 - HDL ADVISOR - The RAM <Mram__n0045> will be implemented on LUTs either because you have described an asynchronous read or because of currently unsupported block RAM features. If you have described an asynchronous read, making it synchronous would allow you to take advantage of available block RAM resources, for optimized device usage and improved timings. Please refer to your documentation for coding guidelines.
    -----------------------------------------------------------------------
    | ram_type           | Distributed                         |          |
    -----------------------------------------------------------------------
    | Port A                                                              |
    |     aspect ratio   | 32-word x 15-bit                    |          |
    |     weA            | connected to signal <GND>           | high     |
    |     addrA          | connected to signal <Opcode>        |          |
    |     diA            | connected to signal <GND>           |          |
    |     doA            | connected to internal node          |          |
    -----------------------------------------------------------------------
Unit <ROM_Descodificacao> synthesized (advanced).

=========================================================================
Advanced HDL Synthesis Report

Macro Statistics
# RAMs                                                 : 3
 256x8-bit single-port distributed RAM                 : 1
 32x13-bit single-port distributed Read Only RAM       : 1
 32x15-bit single-port distributed Read Only RAM       : 1
# Adders/Subtractors                                   : 2
 8-bit adder                                           : 1
 8-bit subtractor                                      : 1
# Counters                                             : 1
 8-bit up counter                                      : 1
# Registers                                            : 29
 Flip-Flops                                            : 29
# Comparators                                          : 3
 8-bit comparator equal                                : 1
 8-bit comparator greater                              : 2
# Multiplexers                                         : 16
 1-bit 2-to-1 multiplexer                              : 6
 1-bit 5-to-1 multiplexer                              : 9
 8-bit 4-to-1 multiplexer                              : 1
# Xors                                                 : 1
 8-bit xor2                                            : 1

=========================================================================

=========================================================================
*                         Low Level Synthesis                           *
=========================================================================

Optimizing unit <Periferico_Entrada> ...

Optimizing unit <Periferico_Saida> ...

Optimizing unit <PlacaMae> ...

Optimizing unit <Processador> ...

Optimizing unit <RegistosAeB> ...

Optimizing unit <ALU> ...
WARNING:Xst:1710 - FF/Latch <Proc/PC/contagem_7> (without init value) has a constant value of 0 in block <PlacaMae>. This FF/Latch will be trimmed during the optimization process.
WARNING:Xst:1895 - Due to other FF/Latch trimming, FF/Latch <Proc/PC/contagem_6> (without init value) has a constant value of 0 in block <PlacaMae>. This FF/Latch will be trimmed during the optimization process.
WARNING:Xst:1895 - Due to other FF/Latch trimming, FF/Latch <Proc/PC/contagem_5> (without init value) has a constant value of 0 in block <PlacaMae>. This FF/Latch will be trimmed during the optimization process.

Mapping all equations...
Building and optimizing final netlist ...
Found area constraint ratio of 100 (+ 5) on block PlacaMae, actual ratio is 0.

Final Macro Processing ...

=========================================================================
Final Register Report

Macro Statistics
# Registers                                            : 34
 Flip-Flops                                            : 34

=========================================================================

=========================================================================
*                           Partition Report                            *
=========================================================================

Partition Implementation Status
-------------------------------

  No Partitions were found in this design.

-------------------------------

=========================================================================
*                            Design Summary                             *
=========================================================================

Top Level Output File Name         : PlacaMae.ngc

Primitive and Black Box Usage:
------------------------------
# BELS                             : 159
#      GND                         : 1
#      INV                         : 1
#      LUT1                        : 4
#      LUT2                        : 20
#      LUT3                        : 18
#      LUT4                        : 9
#      LUT5                        : 27
#      LUT6                        : 38
#      MUXCY                       : 18
#      MUXF7                       : 1
#      VCC                         : 1
#      XORCY                       : 21
# FlipFlops/Latches                : 55
#      FDE                         : 29
#      FDR                         : 5
#      LD                          : 13
#      LD_1                        : 8
# RAMS                             : 8
#      RAM256X1S                   : 8
# Clock Buffers                    : 1
#      BUFGP                       : 1
# IO Buffers                       : 17
#      IBUF                        : 9
#      OBUF                        : 8

Device utilization summary:
---------------------------

Selected Device : 7a100tcsg324-3 


Slice Logic Utilization: 
 Number of Slice Registers:              47  out of  126800     0%  
 Number of Slice LUTs:                  149  out of  63400     0%  
    Number used as Logic:               117  out of  63400     0%  
    Number used as Memory:               32  out of  19000     0%  
       Number used as RAM:               32

Slice Logic Distribution: 
 Number of LUT Flip Flop pairs used:    166
   Number with an unused Flip Flop:     119  out of    166    71%  
   Number with an unused LUT:            17  out of    166    10%  
   Number of fully used LUT-FF pairs:    30  out of    166    18%  
   Number of unique control sets:         8

IO Utilization: 
 Number of IOs:                          18
 Number of bonded IOBs:                  18  out of    210     8%  
    IOB Flip Flops/Latches:               8

Specific Feature Utilization:
 Number of BUFG/BUFGCTRLs:                1  out of     32     3%  

---------------------------
Partition Resource Summary:
---------------------------

  No Partitions were found in this design.

---------------------------


=========================================================================
Timing Report

NOTE: THESE TIMING NUMBERS ARE ONLY A SYNTHESIS ESTIMATE.
      FOR ACCURATE TIMING INFORMATION PLEASE REFER TO THE TRACE REPORT
      GENERATED AFTER PLACE-and-ROUTE.

Clock Information:
------------------
---------------------------------------------------------------------------------------------+----------------------------------+-------+
Clock Signal                                                                                 | Clock buffer(FF name)            | Load  |
---------------------------------------------------------------------------------------------+----------------------------------+-------+
Clk                                                                                          | BUFGP                            | 42    |
Proc/ROM_Decode/Mram__n00453(Proc/ROM_Decode/Mram__n004531:O)                                | NONE(*)(Proc/PerifIn/Dados_In_7) | 8     |
Proc/ArithLU/Sel_ALU[2]_PWR_24_o_Mux_30_o(Proc/ArithLU/Mmux_Sel_ALU[2]_PWR_24_o_Mux_30_o17:O)| NONE(*)(Proc/ArithLU/Comp_Res_0) | 5     |
Proc/ArithLU/Sel_ALU[2]_PWR_16_o_Mux_14_o(Proc/ArithLU/Sel_ALU[2]_PWR_16_o_Mux_14_o1:O)      | NONE(*)(Proc/ArithLU/Resultado_0)| 8     |
---------------------------------------------------------------------------------------------+----------------------------------+-------+
(*) These 3 clock signal(s) are generated by combinatorial logic,
and XST is not able to identify which are the primary clock signals.
Please use the CLOCK_SIGNAL constraint to specify the clock signal(s) generated by combinatorial logic.
INFO:Xst:2169 - HDL ADVISOR - Some clock signals were not automatically buffered by XST with BUFG/BUFR resources. Please use the buffer_type constraint in order to insert these buffers to the clock signals to help prevent skew problems.

Asynchronous Control Signals Information:
----------------------------------------
No asynchronous control signals found in this design

Timing Summary:
---------------
Speed Grade: -3

   Minimum period: 2.797ns (Maximum Frequency: 357.500MHz)
   Minimum input arrival time before clock: 0.648ns
   Maximum output required time after clock: 0.640ns
   Maximum combinational path delay: No path found

Timing Details:
---------------
All values displayed in nanoseconds (ns)

=========================================================================
Timing constraint: Default period analysis for Clock 'Clk'
  Clock period: 2.797ns (frequency: 357.500MHz)
  Total number of paths / destination ports: 2611 / 138
-------------------------------------------------------------------------
Delay:               2.797ns (Levels of Logic = 2)
  Source:            Proc/PC/contagem_2 (FF)
  Destination:       Mem_Dados/Mram_Memoria1 (RAM)
  Source Clock:      Clk rising
  Destination Clock: Clk rising

  Data Path: Proc/PC/contagem_2 to Mem_Dados/Mram_Memoria1
                                Gate     Net
    Cell:in->out      fanout   Delay   Delay  Logical Name (Net Name)
    ----------------------------------------  ------------
     FDR:C->Q             16   0.361   0.752  Proc/PC/contagem_2 (Proc/PC/contagem_2)
     LUT5:I0->O           20   0.097   0.771  Mem_Instrucs/Mram__n020321 (OPCode<2>)
     LUT5:I0->O            8   0.097   0.311  Proc/ROM_Decode/Mram__n004571 (WriteRead)
     RAM256X1S:WE              0.408          Mem_Dados/Mram_Memoria1
    ----------------------------------------
    Total                      2.797ns (0.963ns logic, 1.834ns route)
                                       (34.4% logic, 65.6% route)

=========================================================================
Timing constraint: Default OFFSET IN BEFORE for Clock 'Clk'
  Total number of paths / destination ports: 5 / 5
-------------------------------------------------------------------------
Offset:              0.648ns (Levels of Logic = 1)
  Source:            Reset (PAD)
  Destination:       Proc/PC/contagem_4 (FF)
  Destination Clock: Clk rising

  Data Path: Reset to Proc/PC/contagem_4
                                Gate     Net
    Cell:in->out      fanout   Delay   Delay  Logical Name (Net Name)
    ----------------------------------------  ------------
     IBUF:I->O             5   0.001   0.298  Reset_IBUF (Reset_IBUF)
     FDR:R                     0.349          Proc/PC/contagem_0
    ----------------------------------------
    Total                      0.648ns (0.350ns logic, 0.298ns route)
                                       (54.0% logic, 46.0% route)

=========================================================================
Timing constraint: Default OFFSET IN BEFORE for Clock 'Proc/ROM_Decode/Mram__n00453'
  Total number of paths / destination ports: 8 / 8
-------------------------------------------------------------------------
Offset:              0.280ns (Levels of Logic = 1)
  Source:            Pin<7> (PAD)
  Destination:       Proc/PerifIn/Dados_In_7 (LATCH)
  Destination Clock: Proc/ROM_Decode/Mram__n00453 rising

  Data Path: Pin<7> to Proc/PerifIn/Dados_In_7
                                Gate     Net
    Cell:in->out      fanout   Delay   Delay  Logical Name (Net Name)
    ----------------------------------------  ------------
     IBUF:I->O             1   0.001   0.279  Pin_7_IBUF (Pin_7_IBUF)
     LD_1:D                   -0.028          Proc/PerifIn/Dados_In_7
    ----------------------------------------
    Total                      0.280ns (0.001ns logic, 0.279ns route)
                                       (0.4% logic, 99.6% route)

=========================================================================
Timing constraint: Default OFFSET OUT AFTER for Clock 'Clk'
  Total number of paths / destination ports: 8 / 8
-------------------------------------------------------------------------
Offset:              0.640ns (Levels of Logic = 1)
  Source:            Proc/PerifOut/temp_7 (FF)
  Destination:       Pout<7> (PAD)
  Source Clock:      Clk rising

  Data Path: Proc/PerifOut/temp_7 to Pout<7>
                                Gate     Net
    Cell:in->out      fanout   Delay   Delay  Logical Name (Net Name)
    ----------------------------------------  ------------
     FDE:C->Q              1   0.361   0.279  Proc/PerifOut/temp_7 (Proc/PerifOut/temp_7)
     OBUF:I->O                 0.000          Pout_7_OBUF (Pout<7>)
    ----------------------------------------
    Total                      0.640ns (0.361ns logic, 0.279ns route)
                                       (56.4% logic, 43.6% route)

=========================================================================

Cross Clock Domains Report:
--------------------------

Clock to Setup on destination clock Clk
-----------------------------------------+---------+---------+---------+---------+
                                         | Src:Rise| Src:Fall| Src:Rise| Src:Fall|
Source Clock                             |Dest:Rise|Dest:Rise|Dest:Fall|Dest:Fall|
-----------------------------------------+---------+---------+---------+---------+
Clk                                      |    2.797|         |         |         |
Proc/ArithLU/Sel_ALU[2]_PWR_16_o_Mux_14_o|         |    1.663|         |         |
Proc/ArithLU/Sel_ALU[2]_PWR_24_o_Mux_30_o|         |    0.759|         |         |
Proc/ROM_Decode/Mram__n00453             |    1.943|         |         |         |
-----------------------------------------+---------+---------+---------+---------+

Clock to Setup on destination clock Proc/ArithLU/Sel_ALU[2]_PWR_16_o_Mux_14_o
---------------+---------+---------+---------+---------+
               | Src:Rise| Src:Fall| Src:Rise| Src:Fall|
Source Clock   |Dest:Rise|Dest:Rise|Dest:Fall|Dest:Fall|
---------------+---------+---------+---------+---------+
Clk            |         |         |    3.518|         |
---------------+---------+---------+---------+---------+

Clock to Setup on destination clock Proc/ArithLU/Sel_ALU[2]_PWR_24_o_Mux_30_o
---------------+---------+---------+---------+---------+
               | Src:Rise| Src:Fall| Src:Rise| Src:Fall|
Source Clock   |Dest:Rise|Dest:Rise|Dest:Fall|Dest:Fall|
---------------+---------+---------+---------+---------+
Clk            |         |         |    3.341|         |
---------------+---------+---------+---------+---------+

=========================================================================


Total REAL time to Xst completion: 9.00 secs
Total CPU time to Xst completion: 9.64 secs
 
--> 

Total memory usage is 4626124 kilobytes

Number of errors   :    0 (   0 filtered)
Number of warnings :   25 (   0 filtered)
Number of infos    :    8 (   0 filtered)

