Release 14.7 - xst P.20131013 (nt64)
Copyright (c) 1995-2013 Xilinx, Inc.  All rights reserved.
--> Parameter TMPDIR set to xst/projnav.tmp


Total REAL time to Xst completion: 0.00 secs
Total CPU time to Xst completion: 0.09 secs
 
--> Parameter xsthdpdir set to xst


Total REAL time to Xst completion: 0.00 secs
Total CPU time to Xst completion: 0.09 secs
 
--> Reading design: ProgramCounter.prj

TABLE OF CONTENTS
  1) Synthesis Options Summary
  2) HDL Parsing
  3) HDL Elaboration
  4) HDL Synthesis
       4.1) HDL Synthesis Report
  5) Advanced HDL Synthesis
       5.1) Advanced HDL Synthesis Report
  6) Low Level Synthesis
  7) Partition Report
  8) Design Summary
       8.1) Primitive and Black Box Usage
       8.2) Device utilization summary
       8.3) Partition Resource Summary
       8.4) Timing Report
            8.4.1) Clock Information
            8.4.2) Asynchronous Control Signals Information
            8.4.3) Timing Summary
            8.4.4) Timing Details
            8.4.5) Cross Clock Domains Report


=========================================================================
*                      Synthesis Options Summary                        *
=========================================================================
---- Source Parameters
Input File Name                    : "ProgramCounter.prj"
Ignore Synthesis Constraint File   : NO

---- Target Parameters
Output File Name                   : "ProgramCounter"
Output Format                      : NGC
Target Device                      : xc7a100t-3-csg324

---- Source Options
Top Module Name                    : ProgramCounter
Automatic FSM Extraction           : YES
FSM Encoding Algorithm             : Auto
Safe Implementation                : No
FSM Style                          : LUT
RAM Extraction                     : Yes
RAM Style                          : Auto
ROM Extraction                     : Yes
Shift Register Extraction          : YES
ROM Style                          : Auto
Resource Sharing                   : YES
Asynchronous To Synchronous        : NO
Shift Register Minimum Size        : 2
Use DSP Block                      : Auto
Automatic Register Balancing       : No

---- Target Options
LUT Combining                      : Auto
Reduce Control Sets                : Auto
Add IO Buffers                     : YES
Global Maximum Fanout              : 100000
Add Generic Clock Buffer(BUFG)     : 32
Register Duplication               : YES
Optimize Instantiated Primitives   : NO
Use Clock Enable                   : Auto
Use Synchronous Set                : Auto
Use Synchronous Reset              : Auto
Pack IO Registers into IOBs        : Auto
Equivalent register Removal        : YES

---- General Options
Optimization Goal                  : Speed
Optimization Effort                : 1
Power Reduction                    : NO
Keep Hierarchy                     : No
Netlist Hierarchy                  : As_Optimized
RTL Output                         : Yes
Global Optimization                : AllClockNets
Read Cores                         : YES
Write Timing Constraints           : NO
Cross Clock Analysis               : NO
Hierarchy Separator                : /
Bus Delimiter                      : <>
Case Specifier                     : Maintain
Slice Utilization Ratio            : 100
BRAM Utilization Ratio             : 100
DSP48 Utilization Ratio            : 100
Auto BRAM Packing                  : NO
Slice Utilization Ratio Delta      : 5

=========================================================================


=========================================================================
*                          HDL Parsing                                  *
=========================================================================
Parsing VHDL file "C:\Users\35196\Desktop\Proj1AC\ProgramCounter.vhd" into library work
Parsing entity <ProgramCounter>.
Parsing architecture <Behavioral> of entity <programcounter>.

=========================================================================
*                            HDL Elaboration                            *
=========================================================================

Elaborating entity <ProgramCounter> (architecture <Behavioral>) from library <work>.

=========================================================================
*                           HDL Synthesis                               *
=========================================================================

Synthesizing Unit <ProgramCounter>.
    Related source file is "C:\Users\35196\Desktop\Proj1AC\ProgramCounter.vhd".
    Found 8-bit register for signal <Endereco>.
    Found 8-bit adder for signal <contagem[7]_GND_5_o_add_0_OUT> created at line 28.
    Summary:
	inferred   1 Adder/Subtractor(s).
	inferred   8 D-type flip-flop(s).
	inferred   1 Multiplexer(s).
Unit <ProgramCounter> synthesized.

=========================================================================
HDL Synthesis Report

Macro Statistics
# Adders/Subtractors                                   : 1
 8-bit adder                                           : 1
# Registers                                            : 1
 8-bit register                                        : 1
# Multiplexers                                         : 1
 8-bit 2-to-1 multiplexer                              : 1

=========================================================================

=========================================================================
*                       Advanced HDL Synthesis                          *
=========================================================================


Synthesizing (advanced) Unit <ProgramCounter>.
The following registers are absorbed into counter <contagem>: 1 register on signal <contagem>.
Unit <ProgramCounter> synthesized (advanced).

=========================================================================
Advanced HDL Synthesis Report

Macro Statistics
# Counters                                             : 1
 8-bit up counter                                      : 1

=========================================================================

=========================================================================
*                         Low Level Synthesis                           *
=========================================================================

Optimizing unit <ProgramCounter> ...

Mapping all equations...
Building and optimizing final netlist ...
Found area constraint ratio of 100 (+ 5) on block ProgramCounter, actual ratio is 0.

Final Macro Processing ...

=========================================================================
Final Register Report

Macro Statistics
# Registers                                            : 8
 Flip-Flops                                            : 8

=========================================================================

=========================================================================
*                           Partition Report                            *
=========================================================================

Partition Implementation Status
-------------------------------

  No Partitions were found in this design.

-------------------------------

=========================================================================
*                            Design Summary                             *
=========================================================================

Top Level Output File Name         : ProgramCounter.ngc

Primitive and Black Box Usage:
------------------------------
# BELS                             : 25
#      GND                         : 1
#      INV                         : 1
#      LUT3                        : 8
#      MUXCY                       : 7
#      XORCY                       : 8
# FlipFlops/Latches                : 8
#      FDR                         : 8
# Clock Buffers                    : 1
#      BUFGP                       : 1
# IO Buffers                       : 18
#      IBUF                        : 10
#      OBUF                        : 8

Device utilization summary:
---------------------------

Selected Device : 7a100tcsg324-3 


Slice Logic Utilization: 
 Number of Slice Registers:               8  out of  126800     0%  
 Number of Slice LUTs:                    9  out of  63400     0%  
    Number used as Logic:                 9  out of  63400     0%  

Slice Logic Distribution: 
 Number of LUT Flip Flop pairs used:      9
   Number with an unused Flip Flop:       1  out of      9    11%  
   Number with an unused LUT:             0  out of      9     0%  
   Number of fully used LUT-FF pairs:     8  out of      9    88%  
   Number of unique control sets:         1

IO Utilization: 
 Number of IOs:                          19
 Number of bonded IOBs:                  19  out of    210     9%  

Specific Feature Utilization:
 Number of BUFG/BUFGCTRLs:                1  out of     32     3%  

---------------------------
Partition Resource Summary:
---------------------------

  No Partitions were found in this design.

---------------------------


=========================================================================
Timing Report

NOTE: THESE TIMING NUMBERS ARE ONLY A SYNTHESIS ESTIMATE.
      FOR ACCURATE TIMING INFORMATION PLEASE REFER TO THE TRACE REPORT
      GENERATED AFTER PLACE-and-ROUTE.

Clock Information:
------------------
-----------------------------------+------------------------+-------+
Clock Signal                       | Clock buffer(FF name)  | Load  |
-----------------------------------+------------------------+-------+
Clock                              | BUFGP                  | 8     |
-----------------------------------+------------------------+-------+

Asynchronous Control Signals Information:
----------------------------------------
No asynchronous control signals found in this design

Timing Summary:
---------------
Speed Grade: -3

   Minimum period: 1.627ns (Maximum Frequency: 614.817MHz)
   Minimum input arrival time before clock: 1.478ns
   Maximum output required time after clock: 0.645ns
   Maximum combinational path delay: No path found

Timing Details:
---------------
All values displayed in nanoseconds (ns)

=========================================================================
Timing constraint: Default period analysis for Clock 'Clock'
  Clock period: 1.627ns (frequency: 614.817MHz)
  Total number of paths / destination ports: 36 / 8
-------------------------------------------------------------------------
Delay:               1.627ns (Levels of Logic = 9)
  Source:            contagem_0 (FF)
  Destination:       contagem_7 (FF)
  Source Clock:      Clock rising
  Destination Clock: Clock rising

  Data Path: contagem_0 to contagem_7
                                Gate     Net
    Cell:in->out      fanout   Delay   Delay  Logical Name (Net Name)
    ----------------------------------------  ------------
     FDR:C->Q              2   0.361   0.299  contagem_0 (contagem_0)
     LUT3:I2->O            1   0.097   0.000  Mcount_contagem_lut<0> (Mcount_contagem_lut<0>)
     MUXCY:S->O            1   0.353   0.000  Mcount_contagem_cy<0> (Mcount_contagem_cy<0>)
     MUXCY:CI->O           1   0.023   0.000  Mcount_contagem_cy<1> (Mcount_contagem_cy<1>)
     MUXCY:CI->O           1   0.023   0.000  Mcount_contagem_cy<2> (Mcount_contagem_cy<2>)
     MUXCY:CI->O           1   0.023   0.000  Mcount_contagem_cy<3> (Mcount_contagem_cy<3>)
     MUXCY:CI->O           1   0.023   0.000  Mcount_contagem_cy<4> (Mcount_contagem_cy<4>)
     MUXCY:CI->O           1   0.023   0.000  Mcount_contagem_cy<5> (Mcount_contagem_cy<5>)
     MUXCY:CI->O           0   0.023   0.000  Mcount_contagem_cy<6> (Mcount_contagem_cy<6>)
     XORCY:CI->O           1   0.370   0.000  Mcount_contagem_xor<7> (Mcount_contagem7)
     FDR:D                     0.008          contagem_7
    ----------------------------------------
    Total                      1.627ns (1.327ns logic, 0.299ns route)
                                       (81.6% logic, 18.4% route)

=========================================================================
Timing constraint: Default OFFSET IN BEFORE for Clock 'Clock'
  Total number of paths / destination ports: 88 / 16
-------------------------------------------------------------------------
Offset:              1.478ns (Levels of Logic = 10)
  Source:            Constante<0> (PAD)
  Destination:       contagem_7 (FF)
  Destination Clock: Clock rising

  Data Path: Constante<0> to contagem_7
                                Gate     Net
    Cell:in->out      fanout   Delay   Delay  Logical Name (Net Name)
    ----------------------------------------  ------------
     IBUF:I->O             1   0.001   0.511  Constante_0_IBUF (Constante_0_IBUF)
     LUT3:I0->O            1   0.097   0.000  Mcount_contagem_lut<0> (Mcount_contagem_lut<0>)
     MUXCY:S->O            1   0.353   0.000  Mcount_contagem_cy<0> (Mcount_contagem_cy<0>)
     MUXCY:CI->O           1   0.023   0.000  Mcount_contagem_cy<1> (Mcount_contagem_cy<1>)
     MUXCY:CI->O           1   0.023   0.000  Mcount_contagem_cy<2> (Mcount_contagem_cy<2>)
     MUXCY:CI->O           1   0.023   0.000  Mcount_contagem_cy<3> (Mcount_contagem_cy<3>)
     MUXCY:CI->O           1   0.023   0.000  Mcount_contagem_cy<4> (Mcount_contagem_cy<4>)
     MUXCY:CI->O           1   0.023   0.000  Mcount_contagem_cy<5> (Mcount_contagem_cy<5>)
     MUXCY:CI->O           0   0.023   0.000  Mcount_contagem_cy<6> (Mcount_contagem_cy<6>)
     XORCY:CI->O           1   0.370   0.000  Mcount_contagem_xor<7> (Mcount_contagem7)
     FDR:D                     0.008          contagem_7
    ----------------------------------------
    Total                      1.478ns (0.967ns logic, 0.511ns route)
                                       (65.4% logic, 34.6% route)

=========================================================================
Timing constraint: Default OFFSET OUT AFTER for Clock 'Clock'
  Total number of paths / destination ports: 8 / 8
-------------------------------------------------------------------------
Offset:              0.645ns (Levels of Logic = 1)
  Source:            contagem_7 (FF)
  Destination:       Endereco<7> (PAD)
  Source Clock:      Clock rising

  Data Path: contagem_7 to Endereco<7>
                                Gate     Net
    Cell:in->out      fanout   Delay   Delay  Logical Name (Net Name)
    ----------------------------------------  ------------
     FDR:C->Q              2   0.361   0.283  contagem_7 (contagem_7)
     OBUF:I->O                 0.000          Endereco_7_OBUF (Endereco<7>)
    ----------------------------------------
    Total                      0.645ns (0.361ns logic, 0.283ns route)
                                       (56.0% logic, 44.0% route)

=========================================================================

Cross Clock Domains Report:
--------------------------

Clock to Setup on destination clock Clock
---------------+---------+---------+---------+---------+
               | Src:Rise| Src:Fall| Src:Rise| Src:Fall|
Source Clock   |Dest:Rise|Dest:Rise|Dest:Fall|Dest:Fall|
---------------+---------+---------+---------+---------+
Clock          |    1.627|         |         |         |
---------------+---------+---------+---------+---------+

=========================================================================


Total REAL time to Xst completion: 7.00 secs
Total CPU time to Xst completion: 7.14 secs
 
--> 

Total memory usage is 4626080 kilobytes

Number of errors   :    0 (   0 filtered)
Number of warnings :    0 (   0 filtered)
Number of infos    :    0 (   0 filtered)

