Command line:
   Memoria_Instrucoes_isim_beh.exe
     -simmode  gui
     -simrunnum  0
     -socket  54719

Tue Mar 17 11:49:48 2020


 Elaboration Time: 0.03125 sec

 Current Memory Usage: 5160.51 Meg

 Total Signals          : 4
 Total Nets             : 22
 Total Signal Drivers   : 3
 Total Blocks           : 2
 Total Primitive Blocks : 2
 Total Processes        : 1
 Total Traceable Variables  : 8
 Total Scalar Nets and Variables : 382
Total Line Count : 33

 Total Simulation Time: 0.046875 sec

 Current Memory Usage: 5160.51 Meg

Tue Mar 17 11:49:54 2020

