Command line:
   ALU_isim_beh.exe
     -simmode  gui
     -simrunnum  0
     -socket  55551

Sat Mar 07 10:44:48 2020


 Elaboration Time: 0.078125 sec

 Current Memory Usage: 5160.63 Meg

 Total Signals          : 5
 Total Nets             : 32
 Total Signal Drivers   : 2
 Total Blocks           : 4
 Total Primitive Blocks : 4
 Total Processes        : 1
 Total Traceable Variables  : 10
 Total Scalar Nets and Variables : 410
Total Line Count : 13

 Total Simulation Time: 0.078125 sec

 Current Memory Usage: 5160.63 Meg

Sat Mar 07 10:44:50 2020

